<?xml version="1.0" encoding="UTF-8"?>
<testng-results skipped="0" failed="0" ignored="0" total="1" passed="1">
  <reporter-output>
  </reporter-output>
  <suite name="Surefire suite" duration-ms="14219" started-at="2022-12-07T13:07:18 IST" finished-at="2022-12-07T13:07:33 IST">
    <groups>
      <group name="cucumber">
        <method signature="AbstractTestNGCucumberTests.runScenario(io.cucumber.testng.PickleWrapper,io.cucumber.testng.FeatureWrapper)[pri:0, instance:testRunner.TestNGTestRunner@7a3d45bd]" name="runScenario" class="io.cucumber.testng.AbstractTestNGCucumberTests"/>
        <method signature="AbstractTestNGCucumberTests.runScenario(io.cucumber.testng.PickleWrapper,io.cucumber.testng.FeatureWrapper)[pri:0, instance:testRunner.TestNGTestRunner_Failed@76a3e297]" name="runScenario" class="io.cucumber.testng.AbstractTestNGCucumberTests"/>
      </group> <!-- cucumber -->
    </groups>
    <test name="Surefire test" duration-ms="14219" started-at="2022-12-07T13:07:18 IST" finished-at="2022-12-07T13:07:33 IST">
      <class name="testRunner.TestNGTestRunner">
        <test-method status="PASS" signature="setUpClass(org.testng.ITestContext)[pri:0, instance:testRunner.TestNGTestRunner@7a3d45bd]" name="setUpClass" is-config="true" duration-ms="729" started-at="2022-12-07T13:07:18 IST" finished-at="2022-12-07T13:07:19 IST">
          <params>
            <param index="0">
              <value>
                <![CDATA[org.testng.TestRunner@592e843a]]>
              </value>
            </param>
          </params>
          <reporter-output>
          </reporter-output>
        </test-method> <!-- setUpClass -->
        <test-method status="PASS" signature="runScenario(io.cucumber.testng.PickleWrapper,io.cucumber.testng.FeatureWrapper)[pri:0, instance:testRunner.TestNGTestRunner@7a3d45bd]" name="runScenario" duration-ms="13026" started-at="2022-12-07T13:07:19 IST" description="Runs Cucumber Scenarios" data-provider="scenarios" finished-at="2022-12-07T13:07:32 IST">
          <params>
            <param index="0">
              <value>
                <![CDATA["Adding the product to the cart and verify same product in the checkout page"]]>
              </value>
            </param>
            <param index="1">
              <value>
                <![CDATA["Adding Product to cart and  Checkout Page"]]>
              </value>
            </param>
          </params>
          <reporter-output>
          </reporter-output>
        </test-method> <!-- runScenario -->
        <test-method status="PASS" signature="tearDownClass()[pri:0, instance:testRunner.TestNGTestRunner@7a3d45bd]" name="tearDownClass" is-config="true" duration-ms="338" started-at="2022-12-07T13:07:32 IST" finished-at="2022-12-07T13:07:32 IST">
          <reporter-output>
          </reporter-output>
        </test-method> <!-- tearDownClass -->
      </class> <!-- testRunner.TestNGTestRunner -->
      <class name="testRunner.TestNGTestRunner_Failed">
        <test-method status="PASS" signature="setUpClass(org.testng.ITestContext)[pri:0, instance:testRunner.TestNGTestRunner_Failed@76a3e297]" name="setUpClass" is-config="true" duration-ms="22" started-at="2022-12-07T13:07:32 IST" finished-at="2022-12-07T13:07:32 IST">
          <params>
            <param index="0">
              <value>
                <![CDATA[org.testng.TestRunner@592e843a]]>
              </value>
            </param>
          </params>
          <reporter-output>
          </reporter-output>
        </test-method> <!-- setUpClass -->
        <test-method status="PASS" signature="tearDownClass()[pri:0, instance:testRunner.TestNGTestRunner_Failed@76a3e297]" name="tearDownClass" is-config="true" duration-ms="68" started-at="2022-12-07T13:07:32 IST" finished-at="2022-12-07T13:07:33 IST">
          <reporter-output>
          </reporter-output>
        </test-method> <!-- tearDownClass -->
      </class> <!-- testRunner.TestNGTestRunner_Failed -->
    </test> <!-- Surefire test -->
  </suite> <!-- Surefire suite -->
</testng-results>
